<?xml version="1.0" encoding="UTF-8"?>
<testng-results ignored="0" total="2" passed="2" failed="0" skipped="0">
  <reporter-output>
  </reporter-output>
  <suite started-at="2025-02-12T14:37:13 IST" name="Default suite" finished-at="2025-02-12T14:38:42 IST" duration-ms="88186">
    <groups>
    </groups>
    <test started-at="2025-02-12T14:37:13 IST" name="Default test" finished-at="2025-02-12T14:38:42 IST" duration-ms="88186">
      <class name="tests.FRCardApplicationTest">
        <test-method is-config="true" signature="setUpTest()[pri:0, instance:tests.FRCardApplicationTest@3012646b]" started-at="2025-02-12T14:37:14 IST" name="setUpTest" finished-at="2025-02-12T14:37:18 IST" duration-ms="3793" status="PASS">
          <reporter-output>
          </reporter-output>
        </test-method> <!-- setUpTest -->
        <test-method signature="testFRCardApplication(java.lang.String,java.lang.String,java.lang.String,java.lang.String,java.lang.String,java.lang.String,java.lang.String,java.lang.String,java.lang.String,java.lang.String,java.lang.String)[pri:0, instance:tests.FRCardApplicationTest@3012646b]" started-at="2025-02-12T14:37:18 IST" name="testFRCardApplication" data-provider="testData" finished-at="2025-02-12T14:37:56 IST" duration-ms="38053" status="PASS">
          <params>
            <param index="0">
              <value>
                <![CDATA[John]]>
              </value>
            </param>
            <param index="1">
              <value>
                <![CDATA[Doe]]>
              </value>
            </param>
            <param index="2">
              <value>
                <![CDATA[john.doe@test.com]]>
              </value>
            </param>
            <param index="3">
              <value>
                <![CDATA[10012000]]>
              </value>
            </param>
            <param index="4">
              <value>
                <![CDATA[0612345678 ]]>
              </value>
            </param>
            <param index="5">
              <value>
                <![CDATA[Paris]]>
              </value>
            </param>
            <param index="6">
              <value>
                <![CDATA[75 - Paris]]>
              </value>
            </param>
            <param index="7">
              <value>
                <![CDATA[10 Rue de la Paix]]>
              </value>
            </param>
            <param index="8">
              <value>
                <![CDATA[70123]]>
              </value>
            </param>
            <param index="9">
              <value>
                <![CDATA[Paris]]>
              </value>
            </param>
            <param index="10">
              <value>
                <![CDATA[Propriétaire sans emprunt]]>
              </value>
            </param>
          </params>
          <reporter-output>
          </reporter-output>
        </test-method> <!-- testFRCardApplication -->
        <test-method is-config="true" signature="tearDownTest(org.testng.ITestResult)[pri:0, instance:tests.FRCardApplicationTest@3012646b]" started-at="2025-02-12T14:37:56 IST" name="tearDownTest" finished-at="2025-02-12T14:37:56 IST" duration-ms="406" status="PASS">
          <params>
            <param index="0">
              <value>
                <![CDATA[[TestResult name=testFRCardApplication status=SUCCESS method=FRCardApplicationTest.testFRCardApplication(java.lang.String,java.lang.String,java.lang.String,java.lang.String,java.lang.String,java.lang.String,java.lang.String,java.lang.String,java.lang.String,java.lang.String,java.lang.String)[pri:0, instance:tests.FRCardApplicationTest@3012646b] output={null}]]]>
              </value>
            </param>
          </params>
          <reporter-output>
          </reporter-output>
        </test-method> <!-- tearDownTest -->
        <test-method is-config="true" signature="setUpTest()[pri:0, instance:tests.FRCardApplicationTest@3012646b]" started-at="2025-02-12T14:37:56 IST" name="setUpTest" finished-at="2025-02-12T14:37:58 IST" duration-ms="1947" status="PASS">
          <reporter-output>
          </reporter-output>
        </test-method> <!-- setUpTest -->
        <test-method signature="testFRCardApplication(java.lang.String,java.lang.String,java.lang.String,java.lang.String,java.lang.String,java.lang.String,java.lang.String,java.lang.String,java.lang.String,java.lang.String,java.lang.String)[pri:0, instance:tests.FRCardApplicationTest@3012646b]" started-at="2025-02-12T14:37:58 IST" name="testFRCardApplication" data-provider="testData" finished-at="2025-02-12T14:38:41 IST" duration-ms="43105" status="PASS">
          <params>
            <param index="0">
              <value>
                <![CDATA[Alice]]>
              </value>
            </param>
            <param index="1">
              <value>
                <![CDATA[Smith]]>
              </value>
            </param>
            <param index="2">
              <value>
                <![CDATA[alice.smith@test.com]]>
              </value>
            </param>
            <param index="3">
              <value>
                <![CDATA[10012000]]>
              </value>
            </param>
            <param index="4">
              <value>
                <![CDATA[0612345678 ]]>
              </value>
            </param>
            <param index="5">
              <value>
                <![CDATA[Paris]]>
              </value>
            </param>
            <param index="6">
              <value>
                <![CDATA[75 - Paris]]>
              </value>
            </param>
            <param index="7">
              <value>
                <![CDATA[10 Rue de la Paix]]>
              </value>
            </param>
            <param index="8">
              <value>
                <![CDATA[70123]]>
              </value>
            </param>
            <param index="9">
              <value>
                <![CDATA[Paris]]>
              </value>
            </param>
            <param index="10">
              <value>
                <![CDATA[Propriétaire sans emprunt]]>
              </value>
            </param>
          </params>
          <reporter-output>
          </reporter-output>
        </test-method> <!-- testFRCardApplication -->
        <test-method is-config="true" signature="tearDownTest(org.testng.ITestResult)[pri:0, instance:tests.FRCardApplicationTest@3012646b]" started-at="2025-02-12T14:38:41 IST" name="tearDownTest" finished-at="2025-02-12T14:38:42 IST" duration-ms="209" status="PASS">
          <params>
            <param index="0">
              <value>
                <![CDATA[[TestResult name=testFRCardApplication status=SUCCESS method=FRCardApplicationTest.testFRCardApplication(java.lang.String,java.lang.String,java.lang.String,java.lang.String,java.lang.String,java.lang.String,java.lang.String,java.lang.String,java.lang.String,java.lang.String,java.lang.String)[pri:0, instance:tests.FRCardApplicationTest@3012646b] output={null}]]]>
              </value>
            </param>
          </params>
          <reporter-output>
          </reporter-output>
        </test-method> <!-- tearDownTest -->
      </class> <!-- tests.FRCardApplicationTest -->
    </test> <!-- Default test -->
  </suite> <!-- Default suite -->
</testng-results>
