<?xml version="1.0" encoding="UTF-8"?>
<!-- Generated by org.testng.reporters.JUnitReportReporter -->
<testsuite hostname="Allah-Muhammed" failures="0" tests="2" name="tests.FRCardApplicationTest" time="87.513" errors="0" timestamp="2025-02-12T14:38:42 IST" skipped="0">
  <testcase classname="tests.FRCardApplicationTest" name="testFRCardApplication" time="47.107"/>
  <system-out/>
  <testcase classname="tests.FRCardApplicationTest" name="testFRCardApplication" time="40.406"/>
  <system-out/>
</testsuite> <!-- tests.FRCardApplicationTest -->
